
*********
Новая игра. Загадано: 1
Пользователь ввёл: 50
Загаданное число меньше. Попыток сделано: 1
Пользователь ввёл: 25
Загаданное число меньше. Попыток сделано: 2
Пользователь ввёл: 12
Загаданное число меньше. Попыток сделано: 3
Пользователь ввёл: 6
Загаданное число меньше. Попыток сделано: 4
Пользователь ввёл: 3
Загаданное число меньше. Попыток сделано: 5
Пользователь ввёл: 2
Загаданное число меньше. Попыток сделано: 6
Пользователь ввёл 1 и угадал число. Всего попыток: 7 

*********
Новая игра. Загадано: 91
Пользователь ввёл: 50
Загаданное число больше. Попыток сделано: 1
Пользователь ввёл: 75
Загаданное число больше. Попыток сделано: 2
Пользователь ввёл: 87
Загаданное число больше. Попыток сделано: 3
Пользователь ввёл: 93
Загаданное число меньше. Попыток сделано: 4
Пользователь ввёл: 90
Загаданное число больше. Попыток сделано: 5
Пользователь ввёл 91 и угадал число. Всего попыток: 6 
